ERR: 2019-08-28 10:40:40 : 2 : Use of undefined constant RUNTIME_ROOT - assumed 'RUNTIME_ROOT' (this will throw an Error in a future version of PHP) : C:\wamp64\www\udemy\youvids\config\cache.cfg.php : 15
ERR: 2019-08-28 10:40:40 : 2 : Use of undefined constant RUNTIME_ROOT - assumed 'RUNTIME_ROOT' (this will throw an Error in a future version of PHP) : C:\wamp64\www\udemy\youvids\config\cache.cfg.php : 26
ERR: 2019-08-28 11:10:49 : 2 : Use of undefined constant RUNTIME_ROOT - assumed 'RUNTIME_ROOT' (this will throw an Error in a future version of PHP) : C:\wamp64\www\udemy\youvids\config\cache.cfg.php : 15
ERR: 2019-08-28 11:10:49 : 2 : Use of undefined constant RUNTIME_ROOT - assumed 'RUNTIME_ROOT' (this will throw an Error in a future version of PHP) : C:\wamp64\www\udemy\youvids\config\cache.cfg.php : 26
ERR: 2019-08-28 11:10:52 : 2 : Use of undefined constant RUNTIME_ROOT - assumed 'RUNTIME_ROOT' (this will throw an Error in a future version of PHP) : C:\wamp64\www\udemy\youvids\config\cache.cfg.php : 15
ERR: 2019-08-28 11:10:52 : 2 : Use of undefined constant RUNTIME_ROOT - assumed 'RUNTIME_ROOT' (this will throw an Error in a future version of PHP) : C:\wamp64\www\udemy\youvids\config\cache.cfg.php : 26
ERR: 2019-08-28 11:10:54 : 2 : Use of undefined constant RUNTIME_ROOT - assumed 'RUNTIME_ROOT' (this will throw an Error in a future version of PHP) : C:\wamp64\www\udemy\youvids\config\cache.cfg.php : 15
ERR: 2019-08-28 11:10:54 : 2 : Use of undefined constant RUNTIME_ROOT - assumed 'RUNTIME_ROOT' (this will throw an Error in a future version of PHP) : C:\wamp64\www\udemy\youvids\config\cache.cfg.php : 26
ERR: 2019-08-28 12:51:48 : 2 : Use of undefined constant RUNTIME_ROOT - assumed 'RUNTIME_ROOT' (this will throw an Error in a future version of PHP) : C:\wamp64\www\udemy\youvids\config\cache.cfg.php : 15
ERR: 2019-08-28 12:51:48 : 2 : Use of undefined constant RUNTIME_ROOT - assumed 'RUNTIME_ROOT' (this will throw an Error in a future version of PHP) : C:\wamp64\www\udemy\youvids\config\cache.cfg.php : 26
ERR: 2019-08-28 12:51:51 : 2 : Use of undefined constant RUNTIME_ROOT - assumed 'RUNTIME_ROOT' (this will throw an Error in a future version of PHP) : C:\wamp64\www\udemy\youvids\config\cache.cfg.php : 15
ERR: 2019-08-28 12:51:51 : 2 : Use of undefined constant RUNTIME_ROOT - assumed 'RUNTIME_ROOT' (this will throw an Error in a future version of PHP) : C:\wamp64\www\udemy\youvids\config\cache.cfg.php : 26
ERR: 2019-08-28 12:51:52 : 2 : Use of undefined constant RUNTIME_ROOT - assumed 'RUNTIME_ROOT' (this will throw an Error in a future version of PHP) : C:\wamp64\www\udemy\youvids\config\cache.cfg.php : 15
ERR: 2019-08-28 12:51:52 : 2 : Use of undefined constant RUNTIME_ROOT - assumed 'RUNTIME_ROOT' (this will throw an Error in a future version of PHP) : C:\wamp64\www\udemy\youvids\config\cache.cfg.php : 26
ERR: 2019-08-28 12:52:07 : 2 : Use of undefined constant RUNTIME_ROOT - assumed 'RUNTIME_ROOT' (this will throw an Error in a future version of PHP) : C:\wamp64\www\udemy\youvids\config\cache.cfg.php : 15
ERR: 2019-08-28 12:52:07 : 2 : Use of undefined constant RUNTIME_ROOT - assumed 'RUNTIME_ROOT' (this will throw an Error in a future version of PHP) : C:\wamp64\www\udemy\youvids\config\cache.cfg.php : 26
ERR: 2019-08-28 12:52:14 : 2 : Use of undefined constant RUNTIME_ROOT - assumed 'RUNTIME_ROOT' (this will throw an Error in a future version of PHP) : C:\wamp64\www\udemy\youvids\config\cache.cfg.php : 15
ERR: 2019-08-28 12:52:14 : 2 : Use of undefined constant RUNTIME_ROOT - assumed 'RUNTIME_ROOT' (this will throw an Error in a future version of PHP) : C:\wamp64\www\udemy\youvids\config\cache.cfg.php : 26
ERR: 2019-08-28 12:52:23 : 2 : Use of undefined constant RUNTIME_ROOT - assumed 'RUNTIME_ROOT' (this will throw an Error in a future version of PHP) : C:\wamp64\www\udemy\youvids\config\cache.cfg.php : 15
ERR: 2019-08-28 12:52:23 : 2 : Use of undefined constant RUNTIME_ROOT - assumed 'RUNTIME_ROOT' (this will throw an Error in a future version of PHP) : C:\wamp64\www\udemy\youvids\config\cache.cfg.php : 26
ERR: 2019-08-28 12:52:23 : 2 : Use of undefined constant RUNTIME_ROOT - assumed 'RUNTIME_ROOT' (this will throw an Error in a future version of PHP) : C:\wamp64\www\udemy\youvids\config\cache.cfg.php : 15
ERR: 2019-08-28 12:52:23 : 2 : Use of undefined constant RUNTIME_ROOT - assumed 'RUNTIME_ROOT' (this will throw an Error in a future version of PHP) : C:\wamp64\www\udemy\youvids\config\cache.cfg.php : 26
ERR: 2019-08-28 12:52:25 : 2 : Use of undefined constant RUNTIME_ROOT - assumed 'RUNTIME_ROOT' (this will throw an Error in a future version of PHP) : C:\wamp64\www\udemy\youvids\config\cache.cfg.php : 15
ERR: 2019-08-28 12:52:25 : 2 : Use of undefined constant RUNTIME_ROOT - assumed 'RUNTIME_ROOT' (this will throw an Error in a future version of PHP) : C:\wamp64\www\udemy\youvids\config\cache.cfg.php : 26
ERR: 2019-08-28 12:52:30 : 2 : Use of undefined constant RUNTIME_ROOT - assumed 'RUNTIME_ROOT' (this will throw an Error in a future version of PHP) : C:\wamp64\www\udemy\youvids\config\cache.cfg.php : 15
ERR: 2019-08-28 12:52:30 : 2 : Use of undefined constant RUNTIME_ROOT - assumed 'RUNTIME_ROOT' (this will throw an Error in a future version of PHP) : C:\wamp64\www\udemy\youvids\config\cache.cfg.php : 26
ERR: 2019-08-28 12:52:30 : 2 : Use of undefined constant RUNTIME_ROOT - assumed 'RUNTIME_ROOT' (this will throw an Error in a future version of PHP) : C:\wamp64\www\udemy\youvids\config\cache.cfg.php : 15
ERR: 2019-08-28 12:52:30 : 2 : Use of undefined constant RUNTIME_ROOT - assumed 'RUNTIME_ROOT' (this will throw an Error in a future version of PHP) : C:\wamp64\www\udemy\youvids\config\cache.cfg.php : 26
ERR: 2019-08-28 12:54:40 : 2 : Use of undefined constant RUNTIME_ROOT - assumed 'RUNTIME_ROOT' (this will throw an Error in a future version of PHP) : C:\wamp64\www\udemy\youvids\config\cache.cfg.php : 15
ERR: 2019-08-28 12:54:40 : 2 : Use of undefined constant RUNTIME_ROOT - assumed 'RUNTIME_ROOT' (this will throw an Error in a future version of PHP) : C:\wamp64\www\udemy\youvids\config\cache.cfg.php : 26
ERR: 2019-08-28 12:54:56 : 2 : Use of undefined constant RUNTIME_ROOT - assumed 'RUNTIME_ROOT' (this will throw an Error in a future version of PHP) : C:\wamp64\www\udemy\youvids\config\cache.cfg.php : 15
ERR: 2019-08-28 12:54:56 : 2 : Use of undefined constant RUNTIME_ROOT - assumed 'RUNTIME_ROOT' (this will throw an Error in a future version of PHP) : C:\wamp64\www\udemy\youvids\config\cache.cfg.php : 26
ERR: 2019-08-28 12:54:58 : 2 : Use of undefined constant RUNTIME_ROOT - assumed 'RUNTIME_ROOT' (this will throw an Error in a future version of PHP) : C:\wamp64\www\udemy\youvids\config\cache.cfg.php : 15
ERR: 2019-08-28 12:54:58 : 2 : Use of undefined constant RUNTIME_ROOT - assumed 'RUNTIME_ROOT' (this will throw an Error in a future version of PHP) : C:\wamp64\www\udemy\youvids\config\cache.cfg.php : 26
ERR: 2019-08-28 12:55:00 : 2 : Use of undefined constant RUNTIME_ROOT - assumed 'RUNTIME_ROOT' (this will throw an Error in a future version of PHP) : C:\wamp64\www\udemy\youvids\config\cache.cfg.php : 15
ERR: 2019-08-28 12:55:00 : 2 : Use of undefined constant RUNTIME_ROOT - assumed 'RUNTIME_ROOT' (this will throw an Error in a future version of PHP) : C:\wamp64\www\udemy\youvids\config\cache.cfg.php : 26
ERR: 2019-08-28 12:59:50 : 2 : Use of undefined constant RUNTIME_ROOT - assumed 'RUNTIME_ROOT' (this will throw an Error in a future version of PHP) : C:\wamp64\www\udemy\youvids\config\cache.cfg.php : 15
ERR: 2019-08-28 12:59:50 : 2 : Use of undefined constant RUNTIME_ROOT - assumed 'RUNTIME_ROOT' (this will throw an Error in a future version of PHP) : C:\wamp64\www\udemy\youvids\config\cache.cfg.php : 26
ERR: 2019-08-28 12:59:51 : 2 : Use of undefined constant RUNTIME_ROOT - assumed 'RUNTIME_ROOT' (this will throw an Error in a future version of PHP) : C:\wamp64\www\udemy\youvids\config\cache.cfg.php : 15
ERR: 2019-08-28 12:59:51 : 2 : Use of undefined constant RUNTIME_ROOT - assumed 'RUNTIME_ROOT' (this will throw an Error in a future version of PHP) : C:\wamp64\www\udemy\youvids\config\cache.cfg.php : 26
ERR: 2019-08-28 12:59:52 : 2 : Use of undefined constant RUNTIME_ROOT - assumed 'RUNTIME_ROOT' (this will throw an Error in a future version of PHP) : C:\wamp64\www\udemy\youvids\config\cache.cfg.php : 15
ERR: 2019-08-28 12:59:52 : 2 : Use of undefined constant RUNTIME_ROOT - assumed 'RUNTIME_ROOT' (this will throw an Error in a future version of PHP) : C:\wamp64\www\udemy\youvids\config\cache.cfg.php : 26
ERR: 2019-08-28 12:59:54 : 2 : Use of undefined constant RUNTIME_ROOT - assumed 'RUNTIME_ROOT' (this will throw an Error in a future version of PHP) : C:\wamp64\www\udemy\youvids\config\cache.cfg.php : 15
ERR: 2019-08-28 12:59:54 : 2 : Use of undefined constant RUNTIME_ROOT - assumed 'RUNTIME_ROOT' (this will throw an Error in a future version of PHP) : C:\wamp64\www\udemy\youvids\config\cache.cfg.php : 26
ERR: 2019-08-28 15:34:32 : 2 : Use of undefined constant RUNTIME_ROOT - assumed 'RUNTIME_ROOT' (this will throw an Error in a future version of PHP) : C:\wamp64\www\udemy\youvids\config\cache.cfg.php : 15
ERR: 2019-08-28 15:34:32 : 2 : Use of undefined constant RUNTIME_ROOT - assumed 'RUNTIME_ROOT' (this will throw an Error in a future version of PHP) : C:\wamp64\www\udemy\youvids\config\cache.cfg.php : 26
ERR: 2019-08-28 16:17:09 : 2 : Use of undefined constant RUNTIME_ROOT - assumed 'RUNTIME_ROOT' (this will throw an Error in a future version of PHP) : C:\wamp64\www\udemy\youvids\config\cache.cfg.php : 15
ERR: 2019-08-28 16:17:09 : 2 : Use of undefined constant RUNTIME_ROOT - assumed 'RUNTIME_ROOT' (this will throw an Error in a future version of PHP) : C:\wamp64\www\udemy\youvids\config\cache.cfg.php : 26
ERR: 2019-08-28 16:17:11 : 2 : Use of undefined constant RUNTIME_ROOT - assumed 'RUNTIME_ROOT' (this will throw an Error in a future version of PHP) : C:\wamp64\www\udemy\youvids\config\cache.cfg.php : 15
ERR: 2019-08-28 16:17:11 : 2 : Use of undefined constant RUNTIME_ROOT - assumed 'RUNTIME_ROOT' (this will throw an Error in a future version of PHP) : C:\wamp64\www\udemy\youvids\config\cache.cfg.php : 26
ERR: 2019-08-28 16:17:16 : 2 : Use of undefined constant RUNTIME_ROOT - assumed 'RUNTIME_ROOT' (this will throw an Error in a future version of PHP) : C:\wamp64\www\udemy\youvids\config\cache.cfg.php : 15
ERR: 2019-08-28 16:17:16 : 2 : Use of undefined constant RUNTIME_ROOT - assumed 'RUNTIME_ROOT' (this will throw an Error in a future version of PHP) : C:\wamp64\www\udemy\youvids\config\cache.cfg.php : 26
ERR: 2019-08-28 16:17:16 : 2 : Use of undefined constant RUNTIME_ROOT - assumed 'RUNTIME_ROOT' (this will throw an Error in a future version of PHP) : C:\wamp64\www\udemy\youvids\config\cache.cfg.php : 15
ERR: 2019-08-28 16:17:16 : 2 : Use of undefined constant RUNTIME_ROOT - assumed 'RUNTIME_ROOT' (this will throw an Error in a future version of PHP) : C:\wamp64\www\udemy\youvids\config\cache.cfg.php : 26
ERR: 2019-08-28 16:17:18 : 2 : Use of undefined constant RUNTIME_ROOT - assumed 'RUNTIME_ROOT' (this will throw an Error in a future version of PHP) : C:\wamp64\www\udemy\youvids\config\cache.cfg.php : 15
ERR: 2019-08-28 16:17:18 : 2 : Use of undefined constant RUNTIME_ROOT - assumed 'RUNTIME_ROOT' (this will throw an Error in a future version of PHP) : C:\wamp64\www\udemy\youvids\config\cache.cfg.php : 26
ERR: 2019-08-28 16:17:22 : 2 : Use of undefined constant RUNTIME_ROOT - assumed 'RUNTIME_ROOT' (this will throw an Error in a future version of PHP) : C:\wamp64\www\udemy\youvids\config\cache.cfg.php : 15
ERR: 2019-08-28 16:17:22 : 2 : Use of undefined constant RUNTIME_ROOT - assumed 'RUNTIME_ROOT' (this will throw an Error in a future version of PHP) : C:\wamp64\www\udemy\youvids\config\cache.cfg.php : 26
ERR: 2019-08-28 16:17:22 : 2 : Use of undefined constant RUNTIME_ROOT - assumed 'RUNTIME_ROOT' (this will throw an Error in a future version of PHP) : C:\wamp64\www\udemy\youvids\config\cache.cfg.php : 15
ERR: 2019-08-28 16:17:22 : 2 : Use of undefined constant RUNTIME_ROOT - assumed 'RUNTIME_ROOT' (this will throw an Error in a future version of PHP) : C:\wamp64\www\udemy\youvids\config\cache.cfg.php : 26
EXC: 2019-08-28 16:21:13 :                Error : Class 'ThrowsExceptionTest' not found
ERR: 2019-08-28 16:21:13 : 2 : Use of undefined constant RUNTIME_ROOT - assumed 'RUNTIME_ROOT' (this will throw an Error in a future version of PHP) : C:\wamp64\www\udemy\youvids\config\cache.cfg.php : 15
ERR: 2019-08-28 16:21:13 : 2 : Use of undefined constant RUNTIME_ROOT - assumed 'RUNTIME_ROOT' (this will throw an Error in a future version of PHP) : C:\wamp64\www\udemy\youvids\config\cache.cfg.php : 26
EXC: 2019-08-28 16:21:27 :                Error : Class 'ThrowsExceptionTest' not found
ERR: 2019-08-28 16:21:27 : 2 : Use of undefined constant RUNTIME_ROOT - assumed 'RUNTIME_ROOT' (this will throw an Error in a future version of PHP) : C:\wamp64\www\udemy\youvids\config\cache.cfg.php : 15
ERR: 2019-08-28 16:21:27 : 2 : Use of undefined constant RUNTIME_ROOT - assumed 'RUNTIME_ROOT' (this will throw an Error in a future version of PHP) : C:\wamp64\www\udemy\youvids\config\cache.cfg.php : 26
EXC: 2019-08-28 16:22:07 :                Error : Class 'ThrowsExceptionTest' not found
ERR: 2019-08-28 16:22:07 : 2 : Use of undefined constant RUNTIME_ROOT - assumed 'RUNTIME_ROOT' (this will throw an Error in a future version of PHP) : C:\wamp64\www\udemy\youvids\config\cache.cfg.php : 15
ERR: 2019-08-28 16:22:07 : 2 : Use of undefined constant RUNTIME_ROOT - assumed 'RUNTIME_ROOT' (this will throw an Error in a future version of PHP) : C:\wamp64\www\udemy\youvids\config\cache.cfg.php : 26
EXC: 2019-08-28 16:22:29 :                Error : Class 'ThrowsExceptionTest' not found
ERR: 2019-08-28 16:22:29 : 2 : Use of undefined constant RUNTIME_ROOT - assumed 'RUNTIME_ROOT' (this will throw an Error in a future version of PHP) : C:\wamp64\www\udemy\youvids\config\cache.cfg.php : 15
ERR: 2019-08-28 16:22:29 : 2 : Use of undefined constant RUNTIME_ROOT - assumed 'RUNTIME_ROOT' (this will throw an Error in a future version of PHP) : C:\wamp64\www\udemy\youvids\config\cache.cfg.php : 26
EXC: 2019-08-28 16:23:36 :                Error : Class 'ThrowsExceptionTest' not found
ERR: 2019-08-28 16:23:36 : 2 : Use of undefined constant RUNTIME_ROOT - assumed 'RUNTIME_ROOT' (this will throw an Error in a future version of PHP) : C:\wamp64\www\udemy\youvids\config\cache.cfg.php : 15
ERR: 2019-08-28 16:23:36 : 2 : Use of undefined constant RUNTIME_ROOT - assumed 'RUNTIME_ROOT' (this will throw an Error in a future version of PHP) : C:\wamp64\www\udemy\youvids\config\cache.cfg.php : 26
EXC: 2019-08-28 16:35:41 :                Error : Class 'ThrowsExceptionTest' not found
ERR: 2019-08-28 16:35:41 : 2 : Use of undefined constant RUNTIME_ROOT - assumed 'RUNTIME_ROOT' (this will throw an Error in a future version of PHP) : C:\wamp64\www\udemy\youvids\config\cache.cfg.php : 15
ERR: 2019-08-28 16:35:41 : 2 : Use of undefined constant RUNTIME_ROOT - assumed 'RUNTIME_ROOT' (this will throw an Error in a future version of PHP) : C:\wamp64\www\udemy\youvids\config\cache.cfg.php : 26
EXC: 2019-08-28 16:35:53 :                Error : Class 'ThrowsExceptionTest' not found
ERR: 2019-08-28 16:35:53 : 2 : Use of undefined constant RUNTIME_ROOT - assumed 'RUNTIME_ROOT' (this will throw an Error in a future version of PHP) : C:\wamp64\www\udemy\youvids\config\cache.cfg.php : 15
ERR: 2019-08-28 16:35:53 : 2 : Use of undefined constant RUNTIME_ROOT - assumed 'RUNTIME_ROOT' (this will throw an Error in a future version of PHP) : C:\wamp64\www\udemy\youvids\config\cache.cfg.php : 26
EXC: 2019-08-28 16:37:53 :                Error : Class 'ThrowsExceptionTest' not found
ERR: 2019-08-28 16:37:53 : 2 : Use of undefined constant RUNTIME_ROOT - assumed 'RUNTIME_ROOT' (this will throw an Error in a future version of PHP) : C:\wamp64\www\udemy\youvids\config\cache.cfg.php : 15
ERR: 2019-08-28 16:37:53 : 2 : Use of undefined constant RUNTIME_ROOT - assumed 'RUNTIME_ROOT' (this will throw an Error in a future version of PHP) : C:\wamp64\www\udemy\youvids\config\cache.cfg.php : 26
EXC: 2019-08-28 16:37:56 :                Error : Class 'ThrowsExceptionTest' not found
ERR: 2019-08-28 16:37:56 : 2 : Use of undefined constant RUNTIME_ROOT - assumed 'RUNTIME_ROOT' (this will throw an Error in a future version of PHP) : C:\wamp64\www\udemy\youvids\config\cache.cfg.php : 15
ERR: 2019-08-28 16:37:56 : 2 : Use of undefined constant RUNTIME_ROOT - assumed 'RUNTIME_ROOT' (this will throw an Error in a future version of PHP) : C:\wamp64\www\udemy\youvids\config\cache.cfg.php : 26
EXC: 2019-08-28 16:38:16 :                Error : Class 'ThrowsExceptionTest' not found
ERR: 2019-08-28 16:38:16 : 2 : Use of undefined constant RUNTIME_ROOT - assumed 'RUNTIME_ROOT' (this will throw an Error in a future version of PHP) : C:\wamp64\www\udemy\youvids\config\cache.cfg.php : 15
ERR: 2019-08-28 16:38:16 : 2 : Use of undefined constant RUNTIME_ROOT - assumed 'RUNTIME_ROOT' (this will throw an Error in a future version of PHP) : C:\wamp64\www\udemy\youvids\config\cache.cfg.php : 26
EXC: 2019-08-28 16:41:18 :                Error : Class 'ThrowsExceptionTest' not found
ERR: 2019-08-28 16:41:18 : 2 : Use of undefined constant RUNTIME_ROOT - assumed 'RUNTIME_ROOT' (this will throw an Error in a future version of PHP) : C:\wamp64\www\udemy\youvids\config\cache.cfg.php : 15
ERR: 2019-08-28 16:41:18 : 2 : Use of undefined constant RUNTIME_ROOT - assumed 'RUNTIME_ROOT' (this will throw an Error in a future version of PHP) : C:\wamp64\www\udemy\youvids\config\cache.cfg.php : 26
EXC: 2019-08-28 16:43:40 :                Error : Class 'ThrowsExceptionTest' not found
EXC: 2019-08-28 16:43:48 :                Error : Class 'ThrowsExceptionTest' not found
EXC: 2019-08-28 16:43:59 :                Error : Class 'ThrowsExceptionTest' not found
EXC: 2019-08-28 16:49:23 :                Error : Class 'ThrowsExceptionTest' not found
EXC: 2019-08-28 16:49:56 :                Error : Class 'ThrowsExceptionTest' not found
EXC: 2019-08-28 16:50:07 :                Error : Class 'ThrowsExceptionTest' not found
ERR: 2019-08-28 16:50:53 : 2 : Use of undefined constant RUNTIME_ROOT - assumed 'RUNTIME_ROOT' (this will throw an Error in a future version of PHP) : C:\wamp64\www\udemy\youvids\web\app.init.php : 47
EXC: 2019-08-28 16:50:53 :                Error : Class 'ThrowsExceptionTest' not found
EXC: 2019-08-28 16:51:08 :                Error : Class 'ThrowsExceptionTest' not found
EXC: 2019-08-28 17:12:56 :                Error : Class 'ThrowsExceptionTest' not found
EXC: 2019-08-28 18:23:09 :                Error : Class 'ThrowsExceptionTest' not found
EXC: 2019-08-28 18:23:12 :                Error : Class 'ThrowsExceptionTest' not found
EXC: 2019-08-28 18:23:17 :                Error : Class 'ThrowsExceptionTest' not found
EXC: 2019-08-28 18:23:17 :                Error : Class 'ThrowsExceptionTest' not found
EXC: 2019-08-28 18:59:08 :                Error : Class 'ThrowsExceptionTest' not found
EXC: 2019-08-28 19:05:31 :                Error : Class 'ThrowsExceptionTest' not found
EXC: 2019-08-28 19:05:34 :                Error : Class 'ThrowsExceptionTest' not found
EXC: 2019-08-28 19:05:39 :                Error : Class 'ThrowsExceptionTest' not found
EXC: 2019-08-28 19:05:42 :                Error : Class 'ThrowsExceptionTest' not found
EXC: 2019-08-28 19:05:42 :                Error : Class 'ThrowsExceptionTest' not found
EXC: 2019-08-28 19:05:44 :                Error : Class 'ThrowsExceptionTest' not found
EXC: 2019-08-28 19:05:48 :                Error : Class 'ThrowsExceptionTest' not found
EXC: 2019-08-28 19:05:48 :                Error : Class 'ThrowsExceptionTest' not found
EXC: 2020-02-07 20:23:07 : phpchassis\lib\exceptions\AuthenticationException : User is not logged in!
EXC: 2020-02-12 18:45:19 : phpchassis\lib\exceptions\AuthenticationException : User is not logged in!
EXC: 2020-02-13 07:12:47 : phpchassis\lib\exceptions\AuthenticationException : User is not logged in!
EXC: 2020-02-13 11:13:18 : phpchassis\lib\exceptions\AuthenticationException : User is not logged in!
EXC: 2020-02-24 11:17:03 : phpchassis\lib\exceptions\AuthenticationException : User is not logged in!
EXC: 2020-02-26 14:52:47 : phpchassis\lib\exceptions\AuthenticationException : User is not logged in!
EXC: 2020-02-27 14:44:14 : phpchassis\lib\exceptions\AuthenticationException : User is not logged in!
ERR: 2021-01-23 14:08:38 : 2 : finfo_file(): Empty filename or path : C:\wamp64\www\dev.youvids\vendor\phpchassis\ddd\src\http\middleware\file\UploadedFile.php : 233
ERR: 2021-01-23 14:08:38 : 2 : Use of undefined constant APP_ROOT - assumed 'APP_ROOT' (this will throw an Error in a future version of PHP) : C:\wamp64\www\dev.youvids\src\application\controllers\VideoController.php : 85
ERR: 2021-01-26 08:42:54 : 8 : Trying to get property 'term' of non-object : C:\wamp64\www\dev.youvids\src\application\controllers\VideoController.php : 268
ERR: 2021-01-26 08:44:09 : 8 : Trying to get property 'term' of non-object : C:\wamp64\www\dev.youvids\src\application\controllers\VideoController.php : 282
EXC: 2021-01-26 08:44:09 :            TypeError : Argument 1 passed to youvids\domain\repositories\VideoRepo::search() must be of the type string, null given, called in C:\wamp64\www\dev.youvids\src\application\controllers\VideoController.php on line 282
ERR: 2021-01-26 08:44:27 : 8 : Trying to get property 'term' of non-object : C:\wamp64\www\dev.youvids\src\application\controllers\VideoController.php : 282
EXC: 2021-01-26 08:44:27 :            TypeError : Argument 1 passed to youvids\domain\repositories\VideoRepo::search() must be of the type string, null given, called in C:\wamp64\www\dev.youvids\src\application\controllers\VideoController.php on line 282
ERR: 2021-01-26 08:44:34 : 8 : Trying to get property 'term' of non-object : C:\wamp64\www\dev.youvids\src\application\controllers\VideoController.php : 282
EXC: 2021-01-26 08:44:34 :            TypeError : Argument 1 passed to youvids\domain\repositories\VideoRepo::search() must be of the type string, null given, called in C:\wamp64\www\dev.youvids\src\application\controllers\VideoController.php on line 282
ERR: 2021-01-26 09:01:57 : 8 : Undefined variable: videoRepo : C:\wamp64\www\dev.youvids\src\application\controllers\VideoController.php : 270
EXC: 2021-01-26 09:01:57 :                Error : Call to a member function search() on null
EXC: 2021-01-26 09:02:57 :         PDOException : SQLSTATE[42000]: Syntax error or access violation: 1064 You have an error in your SQL syntax; check the manual that corresponds to your MySQL server version for the right syntax to use near ') OR created_by LIKE CONCAT(.term) ORDER BY views' at line 1
ERR: 2021-01-26 09:03:12 : 8 : Trying to get property 'term' of non-object : C:\wamp64\www\dev.youvids\src\application\controllers\VideoController.php : 269
ERR: 2021-01-26 09:07:45 : 8 : Trying to get property 'term' of non-object : C:\wamp64\www\dev.youvids\src\application\controllers\VideoController.php : 269
ERR: 2021-01-26 09:07:47 : 8 : Trying to get property 'term' of non-object : C:\wamp64\www\dev.youvids\src\application\controllers\VideoController.php : 269
ERR: 2021-01-26 09:07:48 : 8 : Trying to get property 'term' of non-object : C:\wamp64\www\dev.youvids\src\application\controllers\VideoController.php : 269
ERR: 2021-01-26 09:07:48 : 8 : Trying to get property 'term' of non-object : C:\wamp64\www\dev.youvids\src\application\controllers\VideoController.php : 269
ERR: 2021-01-26 09:08:27 : 8 : Trying to get property 'term' of non-object : C:\wamp64\www\dev.youvids\src\application\controllers\VideoController.php : 269
ERR: 2021-01-26 09:08:33 : 8 : Trying to get property 'term' of non-object : C:\wamp64\www\dev.youvids\src\application\controllers\VideoController.php : 269
ERR: 2021-01-26 09:08:37 : 8 : Trying to get property 'term' of non-object : C:\wamp64\www\dev.youvids\src\application\controllers\VideoController.php : 269
ERR: 2021-01-26 09:08:38 : 8 : Trying to get property 'term' of non-object : C:\wamp64\www\dev.youvids\src\application\controllers\VideoController.php : 269
ERR: 2021-01-26 09:08:42 : 8 : Trying to get property 'term' of non-object : C:\wamp64\www\dev.youvids\src\application\controllers\VideoController.php : 269
ERR: 2021-01-26 09:09:17 : 8 : Trying to get property 'term' of non-object : C:\wamp64\www\dev.youvids\src\application\controllers\VideoController.php : 269
ERR: 2021-01-26 09:09:35 : 8 : Trying to get property 'term' of non-object : C:\wamp64\www\dev.youvids\src\application\controllers\VideoController.php : 269
ERR: 2021-01-26 09:10:14 : 8 : Trying to get property 'term' of non-object : C:\wamp64\www\dev.youvids\src\application\controllers\VideoController.php : 269
ERR: 2021-01-26 09:10:24 : 8 : Trying to get property 'term' of non-object : C:\wamp64\www\dev.youvids\src\application\controllers\VideoController.php : 269
ERR: 2021-01-26 09:11:25 : 8 : Trying to get property 'term' of non-object : C:\wamp64\www\dev.youvids\src\application\controllers\VideoController.php : 269
EXC: 2021-01-26 09:34:14 :         PDOException : SQLSTATE[42000]: Syntax error or access violation: 1064 You have an error in your SQL syntax; check the manual that corresponds to your MySQL server version for the right syntax to use near ') OR created_by LIKE CONCAT(.term) ORDER BY views' at line 1
EXC: 2021-01-26 09:34:26 :         PDOException : SQLSTATE[42000]: Syntax error or access violation: 1064 You have an error in your SQL syntax; check the manual that corresponds to your MySQL server version for the right syntax to use near ') OR created_by LIKE CONCAT(.term) ORDER BY views' at line 1
EXC: 2021-01-26 09:35:41 :         PDOException : SQLSTATE[42000]: Syntax error or access violation: 1064 You have an error in your SQL syntax; check the manual that corresponds to your MySQL server version for the right syntax to use near ') OR created_by LIKE CONCAT(.term) ORDER BY views' at line 1
EXC: 2021-01-26 09:36:47 :         PDOException : SQLSTATE[42000]: Syntax error or access violation: 1064 You have an error in your SQL syntax; check the manual that corresponds to your MySQL server version for the right syntax to use near ') OR created_by LIKE CONCAT(.term) ORDER BY views' at line 1
EXC: 2021-01-26 09:39:07 :         PDOException : SQLSTATE[42000]: Syntax error or access violation: 1064 You have an error in your SQL syntax; check the manual that corresponds to your MySQL server version for the right syntax to use near ') OR created_by LIKE CONCAT(.term) ORDER BY views' at line 1
ERR: 2021-01-26 09:41:55 : 2 : Use of undefined constant params - assumed 'params' (this will throw an Error in a future version of PHP) : C:\wamp64\www\dev.youvids\vendor\phpchassis\ddd\src\data\db\FluentPdoAdapter.php : 247
ERR: 2021-01-26 09:42:01 : 2 : Use of undefined constant params - assumed 'params' (this will throw an Error in a future version of PHP) : C:\wamp64\www\dev.youvids\vendor\phpchassis\ddd\src\data\db\FluentPdoAdapter.php : 247
ERR: 2021-01-26 09:42:04 : 2 : Use of undefined constant params - assumed 'params' (this will throw an Error in a future version of PHP) : C:\wamp64\www\dev.youvids\vendor\phpchassis\ddd\src\data\db\FluentPdoAdapter.php : 247
EXC: 2021-01-26 09:44:12 :         PDOException : SQLSTATE[42000]: Syntax error or access violation: 1064 You have an error in your SQL syntax; check the manual that corresponds to your MySQL server version for the right syntax to use near ') OR created_by LIKE CONCAT(.term) ORDER BY views' at line 1
EXC: 2021-01-26 09:44:30 :         PDOException : SQLSTATE[42000]: Syntax error or access violation: 1064 You have an error in your SQL syntax; check the manual that corresponds to your MySQL server version for the right syntax to use near ') OR created_by LIKE CONCAT(.term) ORDER BY views' at line 1
EXC: 2021-01-26 09:56:05 :         PDOException : SQLSTATE[42000]: Syntax error or access violation: 1064 You have an error in your SQL syntax; check the manual that corresponds to your MySQL server version for the right syntax to use near ') OR created_by LIKE CONCAT(.term) ORDER BY views' at line 1
EXC: 2021-01-26 10:32:44 :         PDOException : SQLSTATE[42000]: Syntax error or access violation: 1064 You have an error in your SQL syntax; check the manual that corresponds to your MySQL server version for the right syntax to use near ') OR created_by LIKE CONCAT(.term) ORDER BY views' at line 1
EXC: 2021-01-26 14:48:02 :         PDOException : SQLSTATE[42000]: Syntax error or access violation: 1064 You have an error in your SQL syntax; check the manual that corresponds to your MySQL server version for the right syntax to use near ') OR created_by LIKE CONCAT(.term) ORDER BY views' at line 1
EXC: 2021-01-27 14:45:50 :         PDOException : SQLSTATE[42000]: Syntax error or access violation: 1064 You have an error in your SQL syntax; check the manual that corresponds to your MySQL server version for the right syntax to use near ') OR created_by LIKE CONCAT(.term) ORDER BY views' at line 1
EXC: 2021-01-27 14:59:33 :         PDOException : SQLSTATE[42000]: Syntax error or access violation: 1064 You have an error in your SQL syntax; check the manual that corresponds to your MySQL server version for the right syntax to use near ') OR created_by LIKE CONCAT(.term) ORDER BY views' at line 1
EXC: 2021-01-27 14:59:56 :         PDOException : SQLSTATE[42000]: Syntax error or access violation: 1064 You have an error in your SQL syntax; check the manual that corresponds to your MySQL server version for the right syntax to use near ') OR created_by LIKE CONCAT(.term) ORDER BY views' at line 1
ERR: 2021-01-27 15:10:12 : 256 : Call to invalid method Envms\FluentPDO\Queries\Select::debugDumpParams() : C:\wamp64\www\dev.youvids\vendor\envms\fluentpdo\src\Queries\Common.php : 63
EXC: 2021-01-27 15:11:02 :         PDOException : SQLSTATE[42000]: Syntax error or access violation: 1064 You have an error in your SQL syntax; check the manual that corresponds to your MySQL server version for the right syntax to use near ') OR created_by LIKE CONCAT(.term) ORDER BY views' at line 1
EXC: 2021-01-27 15:12:18 :         PDOException : SQLSTATE[42000]: Syntax error or access violation: 1064 You have an error in your SQL syntax; check the manual that corresponds to your MySQL server version for the right syntax to use near ') OR created_by LIKE CONCAT(.term) ORDER BY views' at line 1
EXC: 2021-01-27 15:15:13 :         PDOException : SQLSTATE[42000]: Syntax error or access violation: 1064 You have an error in your SQL syntax; check the manual that corresponds to your MySQL server version for the right syntax to use near ') OR created_by LIKE CONCAT(.term) ORDER BY views' at line 1
ERR: 2021-01-27 15:55:22 : 256 : Call to invalid method Envms\FluentPDO\Queries\Select::debugDumpParams() : C:\wamp64\www\dev.youvids\vendor\envms\fluentpdo\src\Queries\Common.php : 63
EXC: 2021-01-27 15:55:22 :         PDOException : SQLSTATE[42000]: Syntax error or access violation: 1064 You have an error in your SQL syntax; check the manual that corresponds to your MySQL server version for the right syntax to use near ') OR created_by LIKE CONCAT(.term) ORDER BY views' at line 1
ERR: 2021-01-27 15:55:29 : 256 : Call to invalid method Envms\FluentPDO\Queries\Select::debugDumpParams() : C:\wamp64\www\dev.youvids\vendor\envms\fluentpdo\src\Queries\Common.php : 63
ERR: 2021-01-27 15:55:41 : 256 : Call to invalid method Envms\FluentPDO\Queries\Select::debugDumpParams() : C:\wamp64\www\dev.youvids\vendor\envms\fluentpdo\src\Queries\Common.php : 63
EXC: 2021-01-27 15:57:20 :                Error : Call to undefined method Envms\FluentPDO\Query::debugDumpParams()
EXC: 2021-01-27 16:04:20 :         PDOException : SQLSTATE[42000]: Syntax error or access violation: 1064 You have an error in your SQL syntax; check the manual that corresponds to your MySQL server version for the right syntax to use near ') ORDER BY views' at line 1
EXC: 2021-01-27 16:05:21 :         PDOException : SQLSTATE[42000]: Syntax error or access violation: 1064 You have an error in your SQL syntax; check the manual that corresponds to your MySQL server version for the right syntax to use near ') ORDER BY views' at line 1
EXC: 2021-01-27 16:07:24 :         PDOException : SQLSTATE[42000]: Syntax error or access violation: 1064 You have an error in your SQL syntax; check the manual that corresponds to your MySQL server version for the right syntax to use near ') ORDER BY views' at line 1
EXC: 2021-01-27 16:08:24 :         PDOException : SQLSTATE[42000]: Syntax error or access violation: 1064 You have an error in your SQL syntax; check the manual that corresponds to your MySQL server version for the right syntax to use near ') ORDER BY views' at line 1
EXC: 2021-01-27 16:09:03 :         PDOException : SQLSTATE[42000]: Syntax error or access violation: 1064 You have an error in your SQL syntax; check the manual that corresponds to your MySQL server version for the right syntax to use near ') ORDER BY views' at line 1
EXC: 2021-01-27 16:09:23 :         PDOException : SQLSTATE[42000]: Syntax error or access violation: 1064 You have an error in your SQL syntax; check the manual that corresponds to your MySQL server version for the right syntax to use near ') ORDER BY views' at line 1
EXC: 2021-01-27 16:10:09 :         PDOException : SQLSTATE[42000]: Syntax error or access violation: 1064 You have an error in your SQL syntax; check the manual that corresponds to your MySQL server version for the right syntax to use near ') ORDER BY views' at line 1
EXC: 2021-01-27 16:19:08 :         PDOException : SQLSTATE[42000]: Syntax error or access violation: 1064 You have an error in your SQL syntax; check the manual that corresponds to your MySQL server version for the right syntax to use near ') ORDER BY views' at line 1
EXC: 2021-01-27 16:32:04 :         PDOException : SQLSTATE[42000]: Syntax error or access violation: 1064 You have an error in your SQL syntax; check the manual that corresponds to your MySQL server version for the right syntax to use near ') ORDER BY views' at line 1
ERR: 2021-01-27 16:42:24 : 2 : Use of undefined constant APP_ROOT - assumed 'APP_ROOT' (this will throw an Error in a future version of PHP) : C:\wamp64\www\dev.youvids\src\application\controllers\LayoutController.php : 134
ERR: 2021-01-27 16:42:24 : 2 : Use of undefined constant APP_ROOT - assumed 'APP_ROOT' (this will throw an Error in a future version of PHP) : C:\wamp64\www\dev.youvids\src\application\controllers\LayoutController.php : 134
ERR: 2021-01-27 16:42:24 : 2 : Use of undefined constant APP_ROOT - assumed 'APP_ROOT' (this will throw an Error in a future version of PHP) : C:\wamp64\www\dev.youvids\src\application\controllers\LayoutController.php : 134
EXC: 2021-01-27 16:42:31 :         PDOException : SQLSTATE[42000]: Syntax error or access violation: 1064 You have an error in your SQL syntax; check the manual that corresponds to your MySQL server version for the right syntax to use near ') ORDER BY views' at line 1
EXC: 2021-01-27 16:42:39 :         PDOException : SQLSTATE[42000]: Syntax error or access violation: 1064 You have an error in your SQL syntax; check the manual that corresponds to your MySQL server version for the right syntax to use near ') ORDER BY views' at line 1
EXC: 2021-01-27 16:42:54 :         PDOException : SQLSTATE[42S22]: Column not found: 1054 Unknown column 'cexpression' in 'where clause'
EXC: 2021-01-27 16:45:15 : phpchassis\lib\exceptions\AuthenticationException : User is not logged in!
EXC: 2021-01-27 16:45:25 : phpchassis\lib\exceptions\AuthenticationException : User is not logged in!
EXC: 2021-01-27 16:45:50 : phpchassis\lib\exceptions\AuthenticationException : User is not logged in!
EXC: 2021-01-27 16:45:52 : phpchassis\lib\exceptions\AuthenticationException : User is not logged in!
EXC: 2021-01-27 16:46:02 : phpchassis\lib\exceptions\AuthenticationException : User is not logged in!
EXC: 2021-01-27 16:46:04 : phpchassis\lib\exceptions\AuthenticationException : User is not logged in!
EXC: 2021-01-27 16:53:58 :         PDOException : SQLSTATE[42000]: Syntax error or access violation: 1064 You have an error in your SQL syntax; check the manual that corresponds to your MySQL server version for the right syntax to use near ') ORDER BY views' at line 1
EXC: 2021-01-27 16:54:40 :         PDOException : SQLSTATE[42000]: Syntax error or access violation: 1064 You have an error in your SQL syntax; check the manual that corresponds to your MySQL server version for the right syntax to use near ') ORDER BY views' at line 1
EXC: 2021-01-27 16:54:44 :         PDOException : SQLSTATE[42000]: Syntax error or access violation: 1064 You have an error in your SQL syntax; check the manual that corresponds to your MySQL server version for the right syntax to use near ') ORDER BY views' at line 1
EXC: 2021-01-27 16:54:57 :         PDOException : SQLSTATE[42000]: Syntax error or access violation: 1064 You have an error in your SQL syntax; check the manual that corresponds to your MySQL server version for the right syntax to use near ') ORDER BY views' at line 1
EXC: 2021-01-27 19:16:42 :         PDOException : SQLSTATE[42000]: Syntax error or access violation: 1064 You have an error in your SQL syntax; check the manual that corresponds to your MySQL server version for the right syntax to use near ') ORDER BY views' at line 1
EXC: 2021-01-27 19:17:03 :         PDOException : SQLSTATE[42000]: Syntax error or access violation: 1064 You have an error in your SQL syntax; check the manual that corresponds to your MySQL server version for the right syntax to use near ') ORDER BY views' at line 1
EXC: 2021-01-27 19:30:01 :         PDOException : SQLSTATE[42000]: Syntax error or access violation: 1064 You have an error in your SQL syntax; check the manual that corresponds to your MySQL server version for the right syntax to use near ') ORDER BY views' at line 1
EXC: 2021-01-27 19:30:09 :         PDOException : SQLSTATE[42000]: Syntax error or access violation: 1064 You have an error in your SQL syntax; check the manual that corresponds to your MySQL server version for the right syntax to use near ') ORDER BY views' at line 1
EXC: 2021-01-27 19:46:07 :            TypeError : Argument 1 passed to youvids\data\VideoInfoControls::__construct() must be an instance of youvids\domain\entities\User, null given, called in C:\wamp64\www\dev.youvids\src\application\controllers\VideoPlayerController.php on line 91
EXC: 2021-01-27 19:46:13 :                Error : Call to a member function id() on null
EXC: 2021-01-27 19:46:55 :                Error : Call to a member function id() on null
EXC: 2021-01-27 19:47:00 :            TypeError : Argument 1 passed to youvids\data\VideoInfoControls::__construct() must be an instance of youvids\domain\entities\User, null given, called in C:\wamp64\www\dev.youvids\src\application\controllers\VideoPlayerController.php on line 91
EXC: 2021-01-27 19:47:04 :            TypeError : Argument 1 passed to youvids\data\VideoInfoControls::__construct() must be an instance of youvids\domain\entities\User, null given, called in C:\wamp64\www\dev.youvids\src\application\controllers\VideoPlayerController.php on line 91
EXC: 2021-01-27 19:47:06 :            TypeError : Argument 1 passed to youvids\data\VideoInfoControls::__construct() must be an instance of youvids\domain\entities\User, null given, called in C:\wamp64\www\dev.youvids\src\application\controllers\VideoPlayerController.php on line 91
EXC: 2021-01-27 19:47:09 :            TypeError : Argument 1 passed to youvids\data\VideoInfoControls::__construct() must be an instance of youvids\domain\entities\User, null given, called in C:\wamp64\www\dev.youvids\src\application\controllers\VideoPlayerController.php on line 91
EXC: 2021-01-27 19:47:38 :            TypeError : Argument 1 passed to youvids\data\VideoInfoControls::__construct() must be an instance of youvids\domain\entities\User, null given, called in C:\wamp64\www\dev.youvids\src\application\controllers\VideoPlayerController.php on line 91
EXC: 2021-01-27 19:48:11 :                Error : Call to a member function id() on null
EXC: 2021-01-27 19:48:24 :            TypeError : Argument 1 passed to youvids\data\VideoInfoControls::__construct() must be an instance of youvids\domain\entities\User, null given, called in C:\wamp64\www\dev.youvids\src\application\controllers\VideoPlayerController.php on line 91
EXC: 2021-01-27 19:48:39 :            TypeError : Argument 1 passed to youvids\data\VideoInfoControls::__construct() must be an instance of youvids\domain\entities\User, null given, called in C:\wamp64\www\dev.youvids\src\application\controllers\VideoPlayerController.php on line 91
